  Lab5TaiT.cpp
C:\Users\ASUS\Desktop\ACD\Lab5TaiT\Lab5TaiT\Lab5TaiT.cpp(27,11): warning C4267: инициализация: преобразование из "size_t" в "int"; возможна потеря данных
C:\Users\ASUS\Desktop\ACD\Lab5TaiT\Lab5TaiT\Lab5TaiT.cpp(32,27): error C2429: для функция языка "структурированные привязки" нужен флаг компилятора "/std:c++17" 
C:\Users\ASUS\Desktop\ACD\Lab5TaiT\Lab5TaiT\Lab5TaiT.cpp(33,37): error C2672: "begin": не найдена соответствующая перегруженная функция
      C:\Program Files\Microsoft Visual Studio\2022\Community\VC\Tools\MSVC\14.42.34433\include\xutility(1982,27):
      может быть "_Ty *std::begin(_Ty (&)[_Size]) noexcept"
          C:\Users\ASUS\Desktop\ACD\Lab5TaiT\Lab5TaiT\Lab5TaiT.cpp(33,37):
          '_Ty *std::begin(_Ty (&)[_Size]) noexcept': не удалось вывести аргумент шаблон для '_Ty (&)[_Size]' из 'unknown-type'
      C:\Program Files\Microsoft Visual Studio\2022\Community\VC\Tools\MSVC\14.42.34433\include\xutility(1964,30):
      или       "unknown-type std::begin(const _Container &) noexcept(<expr>)"
          C:\Users\ASUS\Desktop\ACD\Lab5TaiT\Lab5TaiT\Lab5TaiT.cpp(33,37):
          Сбой при специализации функции-шаблона "unknown-type std::begin(const _Container &) noexcept(<expr>)"
              C:\Users\ASUS\Desktop\ACD\Lab5TaiT\Lab5TaiT\Lab5TaiT.cpp(33,37):
              Со следующими аргументами шаблона:
                  C:\Users\ASUS\Desktop\ACD\Lab5TaiT\Lab5TaiT\Lab5TaiT.cpp(33,37):
                  "_Container=unknown-type"
      C:\Program Files\Microsoft Visual Studio\2022\Community\VC\Tools\MSVC\14.42.34433\include\xutility(1958,30):
      или       "unknown-type std::begin(_Container &) noexcept(<expr>)"
          C:\Users\ASUS\Desktop\ACD\Lab5TaiT\Lab5TaiT\Lab5TaiT.cpp(33,37):
          Сбой при специализации функции-шаблона "unknown-type std::begin(_Container &) noexcept(<expr>)"
              C:\Users\ASUS\Desktop\ACD\Lab5TaiT\Lab5TaiT\Lab5TaiT.cpp(33,37):
              Со следующими аргументами шаблона:
                  C:\Users\ASUS\Desktop\ACD\Lab5TaiT\Lab5TaiT\Lab5TaiT.cpp(33,37):
                  "_Container=unknown-type"
      C:\Program Files\Microsoft Visual Studio\2022\Community\VC\Tools\MSVC\14.42.34433\include\initializer_list(54,35):
      или       "const _Elem *std::begin(std::initializer_list<_Elem>) noexcept"
          C:\Users\ASUS\Desktop\ACD\Lab5TaiT\Lab5TaiT\Lab5TaiT.cpp(33,37):
          'const _Elem *std::begin(std::initializer_list<_Elem>) noexcept': не удалось вывести аргумент шаблон для 'std::initializer_list<_Elem>' из 'unknown-type'
  
C:\Users\ASUS\Desktop\ACD\Lab5TaiT\Lab5TaiT\Lab5TaiT.cpp(33,37): error C2672: "end": не найдена соответствующая перегруженная функция
      C:\Program Files\Microsoft Visual Studio\2022\Community\VC\Tools\MSVC\14.42.34433\include\xutility(1987,27):
      может быть "_Ty *std::end(_Ty (&)[_Size]) noexcept"
          C:\Users\ASUS\Desktop\ACD\Lab5TaiT\Lab5TaiT\Lab5TaiT.cpp(33,37):
          '_Ty *std::end(_Ty (&)[_Size]) noexcept': не удалось вывести аргумент шаблон для '_Ty (&)[_Size]' из 'unknown-type'
      C:\Program Files\Microsoft Visual Studio\2022\Community\VC\Tools\MSVC\14.42.34433\include\xutility(1976,30):
      или       "unknown-type std::end(const _Container &) noexcept(<expr>)"
          C:\Users\ASUS\Desktop\ACD\Lab5TaiT\Lab5TaiT\Lab5TaiT.cpp(33,37):
          Сбой при специализации функции-шаблона "unknown-type std::end(const _Container &) noexcept(<expr>)"
              C:\Users\ASUS\Desktop\ACD\Lab5TaiT\Lab5TaiT\Lab5TaiT.cpp(33,37):
              Со следующими аргументами шаблона:
                  C:\Users\ASUS\Desktop\ACD\Lab5TaiT\Lab5TaiT\Lab5TaiT.cpp(33,37):
                  "_Container=unknown-type"
      C:\Program Files\Microsoft Visual Studio\2022\Community\VC\Tools\MSVC\14.42.34433\include\xutility(1970,30):
      или       "unknown-type std::end(_Container &) noexcept(<expr>)"
          C:\Users\ASUS\Desktop\ACD\Lab5TaiT\Lab5TaiT\Lab5TaiT.cpp(33,37):
          Сбой при специализации функции-шаблона "unknown-type std::end(_Container &) noexcept(<expr>)"
              C:\Users\ASUS\Desktop\ACD\Lab5TaiT\Lab5TaiT\Lab5TaiT.cpp(33,37):
              Со следующими аргументами шаблона:
                  C:\Users\ASUS\Desktop\ACD\Lab5TaiT\Lab5TaiT\Lab5TaiT.cpp(33,37):
                  "_Container=unknown-type"
      C:\Program Files\Microsoft Visual Studio\2022\Community\VC\Tools\MSVC\14.42.34433\include\initializer_list(59,35):
      или       "const _Elem *std::end(std::initializer_list<_Elem>) noexcept"
          C:\Users\ASUS\Desktop\ACD\Lab5TaiT\Lab5TaiT\Lab5TaiT.cpp(33,37):
          'const _Elem *std::end(std::initializer_list<_Elem>) noexcept': не удалось вывести аргумент шаблон для 'std::initializer_list<_Elem>' из 'unknown-type'
  
C:\Users\ASUS\Desktop\ACD\Lab5TaiT\Lab5TaiT\Lab5TaiT.cpp(33,37): error C3536: <begin>$L1: не может использоваться до инициализации
C:\Users\ASUS\Desktop\ACD\Lab5TaiT\Lab5TaiT\Lab5TaiT.cpp(33,37): error C3536: <end>$L1: не может использоваться до инициализации
C:\Users\ASUS\Desktop\ACD\Lab5TaiT\Lab5TaiT\Lab5TaiT.cpp(33,42): error C2100: нельзя разыменовать операнд типа "int"
C:\Users\ASUS\Desktop\ACD\Lab5TaiT\Lab5TaiT\Lab5TaiT.cpp(34,47): error C2109: для индекса требуется массив или указатель
C:\Users\ASUS\Desktop\ACD\Lab5TaiT\Lab5TaiT\Lab5TaiT.cpp(46,35): error C2429: для функция языка "структурированные привязки" нужен флаг компилятора "/std:c++17" 
C:\Users\ASUS\Desktop\ACD\Lab5TaiT\Lab5TaiT\Lab5TaiT.cpp(47,45): error C2672: "begin": не найдена соответствующая перегруженная функция
      C:\Program Files\Microsoft Visual Studio\2022\Community\VC\Tools\MSVC\14.42.34433\include\xutility(1982,27):
      может быть "_Ty *std::begin(_Ty (&)[_Size]) noexcept"
          C:\Users\ASUS\Desktop\ACD\Lab5TaiT\Lab5TaiT\Lab5TaiT.cpp(47,45):
          '_Ty *std::begin(_Ty (&)[_Size]) noexcept': не удалось вывести аргумент шаблон для '_Ty (&)[_Size]' из 'unknown-type'
      C:\Program Files\Microsoft Visual Studio\2022\Community\VC\Tools\MSVC\14.42.34433\include\xutility(1964,30):
      или       "unknown-type std::begin(const _Container &) noexcept(<expr>)"
          C:\Users\ASUS\Desktop\ACD\Lab5TaiT\Lab5TaiT\Lab5TaiT.cpp(47,45):
          Сбой при специализации функции-шаблона "unknown-type std::begin(const _Container &) noexcept(<expr>)"
              C:\Users\ASUS\Desktop\ACD\Lab5TaiT\Lab5TaiT\Lab5TaiT.cpp(47,45):
              Со следующими аргументами шаблона:
                  C:\Users\ASUS\Desktop\ACD\Lab5TaiT\Lab5TaiT\Lab5TaiT.cpp(47,45):
                  "_Container=unknown-type"
      C:\Program Files\Microsoft Visual Studio\2022\Community\VC\Tools\MSVC\14.42.34433\include\xutility(1958,30):
      или       "unknown-type std::begin(_Container &) noexcept(<expr>)"
          C:\Users\ASUS\Desktop\ACD\Lab5TaiT\Lab5TaiT\Lab5TaiT.cpp(47,45):
          Сбой при специализации функции-шаблона "unknown-type std::begin(_Container &) noexcept(<expr>)"
              C:\Users\ASUS\Desktop\ACD\Lab5TaiT\Lab5TaiT\Lab5TaiT.cpp(47,45):
              Со следующими аргументами шаблона:
                  C:\Users\ASUS\Desktop\ACD\Lab5TaiT\Lab5TaiT\Lab5TaiT.cpp(47,45):
                  "_Container=unknown-type"
      C:\Program Files\Microsoft Visual Studio\2022\Community\VC\Tools\MSVC\14.42.34433\include\initializer_list(54,35):
      или       "const _Elem *std::begin(std::initializer_list<_Elem>) noexcept"
          C:\Users\ASUS\Desktop\ACD\Lab5TaiT\Lab5TaiT\Lab5TaiT.cpp(47,45):
          'const _Elem *std::begin(std::initializer_list<_Elem>) noexcept': не удалось вывести аргумент шаблон для 'std::initializer_list<_Elem>' из 'unknown-type'
  
C:\Users\ASUS\Desktop\ACD\Lab5TaiT\Lab5TaiT\Lab5TaiT.cpp(47,45): error C2672: "end": не найдена соответствующая перегруженная функция
      C:\Program Files\Microsoft Visual Studio\2022\Community\VC\Tools\MSVC\14.42.34433\include\xutility(1987,27):
      может быть "_Ty *std::end(_Ty (&)[_Size]) noexcept"
          C:\Users\ASUS\Desktop\ACD\Lab5TaiT\Lab5TaiT\Lab5TaiT.cpp(47,45):
          '_Ty *std::end(_Ty (&)[_Size]) noexcept': не удалось вывести аргумент шаблон для '_Ty (&)[_Size]' из 'unknown-type'
      C:\Program Files\Microsoft Visual Studio\2022\Community\VC\Tools\MSVC\14.42.34433\include\xutility(1976,30):
      или       "unknown-type std::end(const _Container &) noexcept(<expr>)"
          C:\Users\ASUS\Desktop\ACD\Lab5TaiT\Lab5TaiT\Lab5TaiT.cpp(47,45):
          Сбой при специализации функции-шаблона "unknown-type std::end(const _Container &) noexcept(<expr>)"
              C:\Users\ASUS\Desktop\ACD\Lab5TaiT\Lab5TaiT\Lab5TaiT.cpp(47,45):
              Со следующими аргументами шаблона:
                  C:\Users\ASUS\Desktop\ACD\Lab5TaiT\Lab5TaiT\Lab5TaiT.cpp(47,45):
                  "_Container=unknown-type"
      C:\Program Files\Microsoft Visual Studio\2022\Community\VC\Tools\MSVC\14.42.34433\include\xutility(1970,30):
      или       "unknown-type std::end(_Container &) noexcept(<expr>)"
          C:\Users\ASUS\Desktop\ACD\Lab5TaiT\Lab5TaiT\Lab5TaiT.cpp(47,45):
          Сбой при специализации функции-шаблона "unknown-type std::end(_Container &) noexcept(<expr>)"
              C:\Users\ASUS\Desktop\ACD\Lab5TaiT\Lab5TaiT\Lab5TaiT.cpp(47,45):
              Со следующими аргументами шаблона:
                  C:\Users\ASUS\Desktop\ACD\Lab5TaiT\Lab5TaiT\Lab5TaiT.cpp(47,45):
                  "_Container=unknown-type"
      C:\Program Files\Microsoft Visual Studio\2022\Community\VC\Tools\MSVC\14.42.34433\include\initializer_list(59,35):
      или       "const _Elem *std::end(std::initializer_list<_Elem>) noexcept"
          C:\Users\ASUS\Desktop\ACD\Lab5TaiT\Lab5TaiT\Lab5TaiT.cpp(47,45):
          'const _Elem *std::end(std::initializer_list<_Elem>) noexcept': не удалось вывести аргумент шаблон для 'std::initializer_list<_Elem>' из 'unknown-type'
  
C:\Users\ASUS\Desktop\ACD\Lab5TaiT\Lab5TaiT\Lab5TaiT.cpp(47,45): error C3536: <begin>$L3: не может использоваться до инициализации
C:\Users\ASUS\Desktop\ACD\Lab5TaiT\Lab5TaiT\Lab5TaiT.cpp(47,45): error C3536: <end>$L3: не может использоваться до инициализации
C:\Users\ASUS\Desktop\ACD\Lab5TaiT\Lab5TaiT\Lab5TaiT.cpp(47,50): error C2100: нельзя разыменовать операнд типа "int"
C:\Users\ASUS\Desktop\ACD\Lab5TaiT\Lab5TaiT\Lab5TaiT.cpp(49,53): error C2109: для индекса требуется массив или указатель
C:\Users\ASUS\Desktop\ACD\Lab5TaiT\Lab5TaiT\Lab5TaiT.cpp(49,45): error C2530: B: ссылки должны быть инициализированы
C:\Users\ASUS\Desktop\ACD\Lab5TaiT\Lab5TaiT\Lab5TaiT.cpp(49,68): error C2109: для индекса требуется массив или указатель
C:\Users\ASUS\Desktop\ACD\Lab5TaiT\Lab5TaiT\Lab5TaiT.cpp(49,60): error C2530: C: ссылки должны быть инициализированы
C:\Users\ASUS\Desktop\ACD\Lab5TaiT\Lab5TaiT\Lab5TaiT.cpp(66,11): warning C4267: инициализация: преобразование из "size_t" в "int"; возможна потеря данных
